<?xml version="1.0" encoding="UTF-8"?>
<!-- Generated by org.testng.reporters.JUnitReportReporter -->
<testsuite hostname="MPL-7PZV563" failures="0" tests="1" name="TestPackage.TestClass" time="4.521" errors="0" timestamp="28 Jul 2021 16:58:54 GMT" skipped="0">
  <testcase classname="TestPackage.TestClass" name="TestClass" time="4.521"/>
</testsuite> <!-- TestPackage.TestClass -->
