<?xml version="1.0" encoding="UTF-8"?>
<!-- Generated by org.testng.reporters.JUnitReportReporter -->
<testsuite hostname="MPL-7PZV563" failures="0" tests="1" name="TestPackage.TestClass" time="3.946" errors="0" timestamp="29 Jul 2021 09:15:11 GMT" skipped="0">
  <testcase classname="TestPackage.TestClass" name="TestClass" time="3.946"/>
</testsuite> <!-- TestPackage.TestClass -->
